mode: atomic
github.com/tomanagle/tinybatch/batcher.go:49.129,64.30 4 4
github.com/tomanagle/tinybatch/batcher.go:64.30,66.3 1 6
github.com/tomanagle/tinybatch/batcher.go:69.2,69.27 1 4
github.com/tomanagle/tinybatch/batcher.go:69.27,71.3 1 3
github.com/tomanagle/tinybatch/batcher.go:73.2,73.28 1 4
github.com/tomanagle/tinybatch/batcher.go:73.28,75.3 1 3
github.com/tomanagle/tinybatch/batcher.go:78.2,86.10 2 4
github.com/tomanagle/tinybatch/batcher.go:93.64,95.2 1 3
github.com/tomanagle/tinybatch/batcher.go:98.48,102.2 1 3
github.com/tomanagle/tinybatch/batcher.go:108.65,110.2 1 3
github.com/tomanagle/tinybatch/batcher.go:113.60,117.2 1 3
github.com/tomanagle/tinybatch/batcher.go:120.33,122.2 1 4
github.com/tomanagle/tinybatch/batcher.go:125.43,126.9 1 30000
github.com/tomanagle/tinybatch/batcher.go:127.22,128.13 1 26245
github.com/tomanagle/tinybatch/batcher.go:129.22,130.41 1 3755
github.com/tomanagle/tinybatch/batcher.go:135.32,138.2 2 3
github.com/tomanagle/tinybatch/internal/processor/processor.go:29.95,38.2 1 3
github.com/tomanagle/tinybatch/internal/processor/processor.go:40.42,46.6 4 3
github.com/tomanagle/tinybatch/internal/processor/processor.go:46.6,47.10 1 11014
github.com/tomanagle/tinybatch/internal/processor/processor.go:48.23,49.22 1 3
github.com/tomanagle/tinybatch/internal/processor/processor.go:49.22,51.5 1 0
github.com/tomanagle/tinybatch/internal/processor/processor.go:52.4,52.10 1 3
github.com/tomanagle/tinybatch/internal/processor/processor.go:53.28,55.11 2 11010
github.com/tomanagle/tinybatch/internal/processor/processor.go:55.11,56.23 1 0
github.com/tomanagle/tinybatch/internal/processor/processor.go:56.23,58.6 1 0
github.com/tomanagle/tinybatch/internal/processor/processor.go:59.5,59.11 1 0
github.com/tomanagle/tinybatch/internal/processor/processor.go:61.4,62.36 2 11010
github.com/tomanagle/tinybatch/internal/processor/processor.go:62.36,65.5 2 11
github.com/tomanagle/tinybatch/internal/processor/processor.go:66.18,67.22 1 1
github.com/tomanagle/tinybatch/internal/processor/processor.go:67.22,70.5 2 1
github.com/tomanagle/tinybatch/internal/processor/processor.go:75.60,77.34 2 12
github.com/tomanagle/tinybatch/internal/processor/processor.go:77.34,79.3 1 11010
